C:\Users\simone\Desktop\nodeM\zeromq-2.1.11\builds\msvc\libzmq\Release\cl.command.1.tlog
C:\Users\simone\Desktop\nodeM\zeromq-2.1.11\builds\msvc\libzmq\Release\CL.read.1.tlog
C:\Users\simone\Desktop\nodeM\zeromq-2.1.11\builds\msvc\libzmq\Release\CL.write.1.tlog
C:\USERS\SIMONE\DESKTOP\NODEM\ZEROMQ-2.1.11\BUILDS\MSVC\LIBZMQ\RELEASE\CLOCK.OBJ
C:\USERS\SIMONE\DESKTOP\NODEM\ZEROMQ-2.1.11\BUILDS\MSVC\LIBZMQ\RELEASE\COMMAND.OBJ
C:\USERS\SIMONE\DESKTOP\NODEM\ZEROMQ-2.1.11\BUILDS\MSVC\LIBZMQ\RELEASE\CONNECT_SESSION.OBJ
C:\USERS\SIMONE\DESKTOP\NODEM\ZEROMQ-2.1.11\BUILDS\MSVC\LIBZMQ\RELEASE\CTX.OBJ
C:\USERS\SIMONE\DESKTOP\NODEM\ZEROMQ-2.1.11\BUILDS\MSVC\LIBZMQ\RELEASE\DECODER.OBJ
C:\USERS\SIMONE\DESKTOP\NODEM\ZEROMQ-2.1.11\BUILDS\MSVC\LIBZMQ\RELEASE\DEVICE.OBJ
C:\USERS\SIMONE\DESKTOP\NODEM\ZEROMQ-2.1.11\BUILDS\MSVC\LIBZMQ\RELEASE\DEVPOLL.OBJ
C:\USERS\SIMONE\DESKTOP\NODEM\ZEROMQ-2.1.11\BUILDS\MSVC\LIBZMQ\RELEASE\DIST.OBJ
C:\USERS\SIMONE\DESKTOP\NODEM\ZEROMQ-2.1.11\BUILDS\MSVC\LIBZMQ\RELEASE\ENCODER.OBJ
C:\USERS\SIMONE\DESKTOP\NODEM\ZEROMQ-2.1.11\BUILDS\MSVC\LIBZMQ\RELEASE\EPOLL.OBJ
C:\USERS\SIMONE\DESKTOP\NODEM\ZEROMQ-2.1.11\BUILDS\MSVC\LIBZMQ\RELEASE\ERR.OBJ
C:\USERS\SIMONE\DESKTOP\NODEM\ZEROMQ-2.1.11\BUILDS\MSVC\LIBZMQ\RELEASE\FQ.OBJ
C:\USERS\SIMONE\DESKTOP\NODEM\ZEROMQ-2.1.11\BUILDS\MSVC\LIBZMQ\RELEASE\IO_OBJECT.OBJ
C:\USERS\SIMONE\DESKTOP\NODEM\ZEROMQ-2.1.11\BUILDS\MSVC\LIBZMQ\RELEASE\IO_THREAD.OBJ
C:\USERS\SIMONE\DESKTOP\NODEM\ZEROMQ-2.1.11\BUILDS\MSVC\LIBZMQ\RELEASE\IP.OBJ
C:\USERS\SIMONE\DESKTOP\NODEM\ZEROMQ-2.1.11\BUILDS\MSVC\LIBZMQ\RELEASE\KQUEUE.OBJ
C:\USERS\SIMONE\DESKTOP\NODEM\ZEROMQ-2.1.11\BUILDS\MSVC\LIBZMQ\RELEASE\LB.OBJ
C:\USERS\SIMONE\DESKTOP\NODEM\ZEROMQ-2.1.11\BUILDS\MSVC\LIBZMQ\RELEASE\LIBZMQ.DLL.INTERMEDIATE.MANIFEST
C:\Users\simone\Desktop\nodeM\zeromq-2.1.11\builds\msvc\libzmq\Release\libzmq.write.1.tlog
C:\Users\simone\Desktop\nodeM\zeromq-2.1.11\builds\msvc\libzmq\Release\link.command.1.tlog
C:\Users\simone\Desktop\nodeM\zeromq-2.1.11\builds\msvc\libzmq\Release\link.read.1.tlog
C:\Users\simone\Desktop\nodeM\zeromq-2.1.11\builds\msvc\libzmq\Release\link.write.1.tlog
C:\USERS\SIMONE\DESKTOP\NODEM\ZEROMQ-2.1.11\BUILDS\MSVC\LIBZMQ\RELEASE\MAILBOX.OBJ
C:\Users\simone\Desktop\nodeM\zeromq-2.1.11\builds\msvc\libzmq\Release\mt.command.1.tlog
C:\Users\simone\Desktop\nodeM\zeromq-2.1.11\builds\msvc\libzmq\Release\mt.read.1.tlog
C:\Users\simone\Desktop\nodeM\zeromq-2.1.11\builds\msvc\libzmq\Release\mt.write.1.tlog
C:\USERS\SIMONE\DESKTOP\NODEM\ZEROMQ-2.1.11\BUILDS\MSVC\LIBZMQ\RELEASE\NAMED_SESSION.OBJ
C:\USERS\SIMONE\DESKTOP\NODEM\ZEROMQ-2.1.11\BUILDS\MSVC\LIBZMQ\RELEASE\OBJECT.OBJ
C:\USERS\SIMONE\DESKTOP\NODEM\ZEROMQ-2.1.11\BUILDS\MSVC\LIBZMQ\RELEASE\OPTIONS.OBJ
C:\USERS\SIMONE\DESKTOP\NODEM\ZEROMQ-2.1.11\BUILDS\MSVC\LIBZMQ\RELEASE\OWN.OBJ
C:\USERS\SIMONE\DESKTOP\NODEM\ZEROMQ-2.1.11\BUILDS\MSVC\LIBZMQ\RELEASE\PAIR.OBJ
C:\USERS\SIMONE\DESKTOP\NODEM\ZEROMQ-2.1.11\BUILDS\MSVC\LIBZMQ\RELEASE\PGM_RECEIVER.OBJ
C:\USERS\SIMONE\DESKTOP\NODEM\ZEROMQ-2.1.11\BUILDS\MSVC\LIBZMQ\RELEASE\PGM_SENDER.OBJ
C:\USERS\SIMONE\DESKTOP\NODEM\ZEROMQ-2.1.11\BUILDS\MSVC\LIBZMQ\RELEASE\PGM_SOCKET.OBJ
C:\USERS\SIMONE\DESKTOP\NODEM\ZEROMQ-2.1.11\BUILDS\MSVC\LIBZMQ\RELEASE\PIPE.OBJ
C:\USERS\SIMONE\DESKTOP\NODEM\ZEROMQ-2.1.11\BUILDS\MSVC\LIBZMQ\RELEASE\POLL.OBJ
C:\USERS\SIMONE\DESKTOP\NODEM\ZEROMQ-2.1.11\BUILDS\MSVC\LIBZMQ\RELEASE\POLLER_BASE.OBJ
C:\USERS\SIMONE\DESKTOP\NODEM\ZEROMQ-2.1.11\BUILDS\MSVC\LIBZMQ\RELEASE\PUB.OBJ
C:\USERS\SIMONE\DESKTOP\NODEM\ZEROMQ-2.1.11\BUILDS\MSVC\LIBZMQ\RELEASE\PULL.OBJ
C:\USERS\SIMONE\DESKTOP\NODEM\ZEROMQ-2.1.11\BUILDS\MSVC\LIBZMQ\RELEASE\PUSH.OBJ
C:\USERS\SIMONE\DESKTOP\NODEM\ZEROMQ-2.1.11\BUILDS\MSVC\LIBZMQ\RELEASE\REAPER.OBJ
C:\USERS\SIMONE\DESKTOP\NODEM\ZEROMQ-2.1.11\BUILDS\MSVC\LIBZMQ\RELEASE\REP.OBJ
C:\USERS\SIMONE\DESKTOP\NODEM\ZEROMQ-2.1.11\BUILDS\MSVC\LIBZMQ\RELEASE\REQ.OBJ
C:\USERS\SIMONE\DESKTOP\NODEM\ZEROMQ-2.1.11\BUILDS\MSVC\LIBZMQ\RELEASE\SELECT.OBJ
C:\USERS\SIMONE\DESKTOP\NODEM\ZEROMQ-2.1.11\BUILDS\MSVC\LIBZMQ\RELEASE\SESSION.OBJ
C:\USERS\SIMONE\DESKTOP\NODEM\ZEROMQ-2.1.11\BUILDS\MSVC\LIBZMQ\RELEASE\SIGNALER.OBJ
C:\USERS\SIMONE\DESKTOP\NODEM\ZEROMQ-2.1.11\BUILDS\MSVC\LIBZMQ\RELEASE\SOCKET_BASE.OBJ
C:\USERS\SIMONE\DESKTOP\NODEM\ZEROMQ-2.1.11\BUILDS\MSVC\LIBZMQ\RELEASE\SUB.OBJ
C:\USERS\SIMONE\DESKTOP\NODEM\ZEROMQ-2.1.11\BUILDS\MSVC\LIBZMQ\RELEASE\SWAP.OBJ
C:\USERS\SIMONE\DESKTOP\NODEM\ZEROMQ-2.1.11\BUILDS\MSVC\LIBZMQ\RELEASE\TCP_CONNECTER.OBJ
C:\USERS\SIMONE\DESKTOP\NODEM\ZEROMQ-2.1.11\BUILDS\MSVC\LIBZMQ\RELEASE\TCP_LISTENER.OBJ
C:\USERS\SIMONE\DESKTOP\NODEM\ZEROMQ-2.1.11\BUILDS\MSVC\LIBZMQ\RELEASE\TCP_SOCKET.OBJ
C:\USERS\SIMONE\DESKTOP\NODEM\ZEROMQ-2.1.11\BUILDS\MSVC\LIBZMQ\RELEASE\THREAD.OBJ
C:\USERS\SIMONE\DESKTOP\NODEM\ZEROMQ-2.1.11\BUILDS\MSVC\LIBZMQ\RELEASE\TRANSIENT_SESSION.OBJ
C:\USERS\SIMONE\DESKTOP\NODEM\ZEROMQ-2.1.11\BUILDS\MSVC\LIBZMQ\RELEASE\TRIE.OBJ
C:\USERS\SIMONE\DESKTOP\NODEM\ZEROMQ-2.1.11\BUILDS\MSVC\LIBZMQ\RELEASE\UUID.OBJ
C:\USERS\SIMONE\DESKTOP\NODEM\ZEROMQ-2.1.11\BUILDS\MSVC\LIBZMQ\RELEASE\VC100.PDB
C:\USERS\SIMONE\DESKTOP\NODEM\ZEROMQ-2.1.11\BUILDS\MSVC\LIBZMQ\RELEASE\XPUB.OBJ
C:\USERS\SIMONE\DESKTOP\NODEM\ZEROMQ-2.1.11\BUILDS\MSVC\LIBZMQ\RELEASE\XREP.OBJ
C:\USERS\SIMONE\DESKTOP\NODEM\ZEROMQ-2.1.11\BUILDS\MSVC\LIBZMQ\RELEASE\XREQ.OBJ
C:\USERS\SIMONE\DESKTOP\NODEM\ZEROMQ-2.1.11\BUILDS\MSVC\LIBZMQ\RELEASE\XSUB.OBJ
C:\USERS\SIMONE\DESKTOP\NODEM\ZEROMQ-2.1.11\BUILDS\MSVC\LIBZMQ\RELEASE\ZMQ.OBJ
C:\USERS\SIMONE\DESKTOP\NODEM\ZEROMQ-2.1.11\BUILDS\MSVC\LIBZMQ\RELEASE\ZMQ_CONNECTER.OBJ
C:\USERS\SIMONE\DESKTOP\NODEM\ZEROMQ-2.1.11\BUILDS\MSVC\LIBZMQ\RELEASE\ZMQ_ENGINE.OBJ
C:\USERS\SIMONE\DESKTOP\NODEM\ZEROMQ-2.1.11\BUILDS\MSVC\LIBZMQ\RELEASE\ZMQ_INIT.OBJ
C:\USERS\SIMONE\DESKTOP\NODEM\ZEROMQ-2.1.11\BUILDS\MSVC\LIBZMQ\RELEASE\ZMQ_LISTENER.OBJ
C:\Users\simone\Desktop\nodeM\zeromq-2.1.11\builds\msvc\Release\libzmq.exp
C:\Users\simone\Desktop\nodeM\zeromq-2.1.11\builds\msvc\Release\libzmq.lib
C:\USERS\SIMONE\DESKTOP\NODEM\ZEROMQ-2.1.11\BUILDS\MSVC\RELEASE\LIBZMQ.PDB
C:\USERS\SIMONE\DESKTOP\NODEM\ZEROMQ-2.1.11\LIB\LIBZMQ.DLL
